0 verbose cli /data/data/com.termux/files/usr/bin/node /data/data/com.termux/files/usr/bin/npm
1 info using npm@10.8.1
2 info using node@v22.3.0
3 silly config load:file:/data/data/com.termux/files/usr/lib/node_modules/npm/npmrc
4 silly config load:file:/data/data/com.termux/files/home/.npmrc
5 silly config load:file:/data/data/com.termux/files/usr/etc/npmrc
6 verbose title npm i acodex-server
7 verbose argv "i" "--global" "acodex-server"
8 verbose logfile logs-max:10 dir:/data/data/com.termux/files/home/.npm/_logs/2024-07-05T21_23_35_334Z-
9 verbose logfile /data/data/com.termux/files/home/.npm/_logs/2024-07-05T21_23_35_334Z-debug-0.log
10 silly packumentCache heap:1098907648 maxSize:274726912 maxEntrySize:137363456
11 silly logfile start cleaning logs, removing 1 files
12 silly logfile done cleaning log files
13 silly idealTree buildDeps
14 silly fetch manifest acodex-server@*
15 silly packumentCache full:https://registry.npmjs.org/acodex-server cache-miss
16 http fetch GET 200 https://registry.npmjs.org/acodex-server 39ms (cache hit)
17 silly packumentCache full:https://registry.npmjs.org/acodex-server set size:28414 disposed:false
18 silly placeDep ROOT acodex-server@1.1.6 OK for:  want: *
19 silly fetch manifest @hono/node-server@^1.4.0
20 silly packumentCache full:https://registry.npmjs.org/@hono%2fnode-server cache-miss
21 silly fetch manifest commander@^11.1.0
22 silly packumentCache full:https://registry.npmjs.org/commander cache-miss
23 silly fetch manifest hono@^3.11.12
24 silly packumentCache full:https://registry.npmjs.org/hono cache-miss
25 silly fetch manifest node-pty@^1.0.0
26 silly packumentCache full:https://registry.npmjs.org/node-pty cache-miss
27 silly fetch manifest ws@^8.15.0
28 silly packumentCache full:https://registry.npmjs.org/ws cache-miss
29 http fetch GET 200 https://registry.npmjs.org/@hono%2fnode-server 33ms (cache hit)
30 silly packumentCache full:https://registry.npmjs.org/@hono%2fnode-server set size:122258 disposed:false
31 silly fetch manifest xterm-addon-serialize@^0.7.0
32 silly packumentCache full:https://registry.npmjs.org/xterm-addon-serialize cache-miss
33 http fetch GET 200 https://registry.npmjs.org/commander 41ms (cache hit)
34 silly packumentCache full:https://registry.npmjs.org/commander set size:942287 disposed:false
35 silly fetch manifest xterm-headless@^4.19.0
36 silly packumentCache full:https://registry.npmjs.org/xterm-headless cache-miss
37 http fetch GET 200 https://registry.npmjs.org/node-pty 72ms (cache hit)
38 silly packumentCache full:https://registry.npmjs.org/node-pty set size:1107473 disposed:false
39 http fetch GET 200 https://registry.npmjs.org/ws 88ms (cache hit)
40 silly packumentCache full:https://registry.npmjs.org/ws set size:403597 disposed:false
41 http fetch GET 200 https://registry.npmjs.org/hono 111ms (cache hit)
42 silly packumentCache full:https://registry.npmjs.org/hono set size:3743480 disposed:false
43 http fetch GET 200 https://registry.npmjs.org/xterm-addon-serialize 216ms (cache hit)
44 silly packumentCache full:https://registry.npmjs.org/xterm-addon-serialize set size:524526 disposed:false
45 http fetch GET 200 https://registry.npmjs.org/xterm-headless 237ms (cache hit)
46 silly packumentCache full:https://registry.npmjs.org/xterm-headless set size:1924272 disposed:false
47 silly fetch manifest bufferutil@^4.0.1
48 silly packumentCache full:https://registry.npmjs.org/bufferutil cache-miss
49 http fetch GET 200 https://registry.npmjs.org/bufferutil 20ms (cache hit)
50 silly packumentCache full:https://registry.npmjs.org/bufferutil set size:49090 disposed:false
51 silly fetch manifest utf-8-validate@>=5.0.2
52 silly packumentCache full:https://registry.npmjs.org/utf-8-validate cache-miss
53 http fetch GET 200 https://registry.npmjs.org/utf-8-validate 9ms (cache hit)
54 silly packumentCache full:https://registry.npmjs.org/utf-8-validate set size:73063 disposed:false
55 silly fetch manifest xterm@^4.0.0
56 silly packumentCache full:https://registry.npmjs.org/xterm cache-miss
57 http fetch GET 200 https://registry.npmjs.org/xterm 124ms (cache hit)
58 silly packumentCache full:https://registry.npmjs.org/xterm set size:22356712 disposed:false
59 silly placeDep node_modules/acodex-server @hono/node-server@1.12.0 OK for: acodex-server@1.1.6 want: ^1.4.0
60 silly placeDep node_modules/acodex-server commander@11.1.0 OK for: acodex-server@1.1.6 want: ^11.1.0
61 silly placeDep node_modules/acodex-server hono@3.12.12 OK for: acodex-server@1.1.6 want: ^3.11.12
62 silly placeDep node_modules/acodex-server node-pty@1.0.0 OK for: acodex-server@1.1.6 want: ^1.0.0
63 silly placeDep node_modules/acodex-server ws@8.18.0 OK for: acodex-server@1.1.6 want: ^8.15.0
64 silly placeDep node_modules/acodex-server xterm-addon-serialize@0.7.0 OK for: acodex-server@1.1.6 want: ^0.7.0
65 silly placeDep node_modules/acodex-server xterm@4.19.0 OK for: xterm-addon-serialize@0.7.0 want: ^4.0.0
66 silly placeDep node_modules/acodex-server xterm-headless@4.19.0 OK for: acodex-server@1.1.6 want: ^4.19.0
67 silly fetch manifest nan@^2.17.0
68 silly packumentCache full:https://registry.npmjs.org/nan cache-miss
69 http fetch GET 200 https://registry.npmjs.org/nan 396ms (cache miss)
70 silly packumentCache full:https://registry.npmjs.org/nan set size:undefined disposed:false
71 silly placeDep node_modules/acodex-server nan@2.20.0 OK for: node-pty@1.0.0 want: ^2.17.0
72 silly reify moves {}
73 silly tarball no local data for acodex-server@https://registry.npmjs.org/acodex-server/-/acodex-server-1.1.6.tgz. Extracting by manifest.
74 silly tarball no local data for ws@https://registry.npmjs.org/ws/-/ws-8.18.0.tgz. Extracting by manifest.
75 silly tarball no local data for xterm@https://registry.npmjs.org/xterm/-/xterm-4.19.0.tgz. Extracting by manifest.
76 silly tarball no local data for xterm-headless@https://registry.npmjs.org/xterm-headless/-/xterm-headless-4.19.0.tgz. Extracting by manifest.
77 silly tarball no local data for node-pty@https://registry.npmjs.org/node-pty/-/node-pty-1.0.0.tgz. Extracting by manifest.
78 silly tarball no local data for xterm-addon-serialize@https://registry.npmjs.org/xterm-addon-serialize/-/xterm-addon-serialize-0.7.0.tgz. Extracting by manifest.
79 silly tarball no local data for hono@https://registry.npmjs.org/hono/-/hono-3.12.12.tgz. Extracting by manifest.
80 silly tarball no local data for commander@https://registry.npmjs.org/commander/-/commander-11.1.0.tgz. Extracting by manifest.
81 silly tarball no local data for @hono/node-server@https://registry.npmjs.org/@hono/node-server/-/node-server-1.12.0.tgz. Extracting by manifest.
82 silly tarball no local data for nan@https://registry.npmjs.org/nan/-/nan-2.20.0.tgz. Extracting by manifest.
83 http fetch GET 200 https://registry.npmjs.org/acodex-server/-/acodex-server-1.1.6.tgz 121ms (cache miss)
84 http fetch GET 200 https://registry.npmjs.org/ws/-/ws-8.18.0.tgz 568ms (cache miss)
85 http fetch GET 200 https://registry.npmjs.org/nan/-/nan-2.20.0.tgz 929ms (cache miss)
86 http fetch GET 200 https://registry.npmjs.org/commander/-/commander-11.1.0.tgz 1398ms (cache miss)
87 http fetch GET 200 https://registry.npmjs.org/xterm-addon-serialize/-/xterm-addon-serialize-0.7.0.tgz 1719ms (cache miss)
88 warn deprecated xterm-addon-serialize@0.7.0: This package is now deprecated. Move to @xterm/addon-serialize instead.
89 http fetch GET 200 https://registry.npmjs.org/xterm-headless/-/xterm-headless-4.19.0.tgz 2056ms (cache miss)
90 warn deprecated xterm-headless@4.19.0: This package is now deprecated. Move to @xterm/headless instead.
91 http fetch GET 200 https://registry.npmjs.org/@hono/node-server/-/node-server-1.12.0.tgz 2184ms (cache miss)
92 http fetch GET 200 https://registry.npmjs.org/node-pty/-/node-pty-1.0.0.tgz 2334ms (cache miss)
93 http fetch GET 200 https://registry.npmjs.org/hono/-/hono-3.12.12.tgz 2374ms (cache miss)
94 http fetch GET 200 https://registry.npmjs.org/xterm/-/xterm-4.19.0.tgz 2396ms (cache miss)
95 warn deprecated xterm@4.19.0: This package is now deprecated. Move to @xterm/xterm instead.
96 info run node-pty@1.0.0 install node_modules/acodex-server/node_modules/node-pty node-gyp rebuild
97 info run node-pty@1.0.0 install { code: 1, signal: null }
98 verbose stack Error: command failed
98 verbose stack     at promiseSpawn (/data/data/com.termux/files/usr/lib/node_modules/npm/node_modules/@npmcli/promise-spawn/lib/index.js:22:22)
98 verbose stack     at spawnWithShell (/data/data/com.termux/files/usr/lib/node_modules/npm/node_modules/@npmcli/promise-spawn/lib/index.js:124:10)
98 verbose stack     at promiseSpawn (/data/data/com.termux/files/usr/lib/node_modules/npm/node_modules/@npmcli/promise-spawn/lib/index.js:12:12)
98 verbose stack     at runScriptPkg (/data/data/com.termux/files/usr/lib/node_modules/npm/node_modules/@npmcli/run-script/lib/run-script-pkg.js:77:13)
98 verbose stack     at runScript (/data/data/com.termux/files/usr/lib/node_modules/npm/node_modules/@npmcli/run-script/lib/run-script.js:9:12)
98 verbose stack     at /data/data/com.termux/files/usr/lib/node_modules/npm/node_modules/@npmcli/arborist/lib/arborist/rebuild.js:329:17
98 verbose stack     at run (/data/data/com.termux/files/usr/lib/node_modules/npm/node_modules/promise-call-limit/dist/commonjs/index.js:67:22)
98 verbose stack     at /data/data/com.termux/files/usr/lib/node_modules/npm/node_modules/promise-call-limit/dist/commonjs/index.js:84:9
98 verbose stack     at new Promise (<anonymous>)
98 verbose stack     at callLimit (/data/data/com.termux/files/usr/lib/node_modules/npm/node_modules/promise-call-limit/dist/commonjs/index.js:35:69)
99 verbose pkgid node-pty@1.0.0
100 error code 1
101 error path /data/data/com.termux/files/usr/lib/node_modules/acodex-server/node_modules/node-pty
102 error command failed
103 error command sh -c node-gyp rebuild
104 silly unfinished npm timer reify 1720214616071
105 silly unfinished npm timer reify:build 1720214620111
106 silly unfinished npm timer build 1720214620111
107 silly unfinished npm timer build:deps 1720214620112
108 silly unfinished npm timer build:run:install 1720214620120
109 silly unfinished npm timer build:run:install:node_modules/acodex-server/node_modules/node-pty 1720214620121
110 verbose cwd /data/data/com.termux/files/home
111 verbose os Linux 4.19.113-27223811
112 verbose node v22.3.0
113 verbose npm  v10.8.1
114 verbose exit 1
115 verbose code 1
116 error A complete log of this run can be found in: /data/data/com.termux/files/home/.npm/_logs/2024-07-05T21_23_35_334Z-debug-0.log
