0 verbose cli /data/data/com.termux/files/usr/bin/node /data/data/com.termux/files/usr/bin/npm
1 info using npm@10.8.1
2 info using node@v22.3.0
3 silly config load:file:/data/data/com.termux/files/usr/lib/node_modules/npm/npmrc
4 silly config load:file:/data/data/com.termux/files/home/.npmrc
5 silly config load:file:/data/data/com.termux/files/usr/etc/npmrc
6 verbose title npm i acodex-server
7 verbose argv "i" "--global" "acodex-server"
8 verbose logfile logs-max:10 dir:/data/data/com.termux/files/home/.npm/_logs/2024-07-05T21_26_17_256Z-
9 verbose logfile /data/data/com.termux/files/home/.npm/_logs/2024-07-05T21_26_17_256Z-debug-0.log
10 silly packumentCache heap:1098907648 maxSize:274726912 maxEntrySize:137363456
11 silly logfile start cleaning logs, removing 1 files
12 silly logfile done cleaning log files
13 silly idealTree buildDeps
14 silly fetch manifest acodex-server@*
15 silly packumentCache full:https://registry.npmjs.org/acodex-server cache-miss
16 http fetch GET 200 https://registry.npmjs.org/acodex-server 41ms (cache hit)
17 silly packumentCache full:https://registry.npmjs.org/acodex-server set size:28414 disposed:false
18 silly placeDep ROOT acodex-server@1.1.6 OK for:  want: *
19 silly fetch manifest @hono/node-server@^1.4.0
20 silly packumentCache full:https://registry.npmjs.org/@hono%2fnode-server cache-miss
21 silly fetch manifest commander@^11.1.0
22 silly packumentCache full:https://registry.npmjs.org/commander cache-miss
23 silly fetch manifest hono@^3.11.12
24 silly packumentCache full:https://registry.npmjs.org/hono cache-miss
25 silly fetch manifest node-pty@^1.0.0
26 silly packumentCache full:https://registry.npmjs.org/node-pty cache-miss
27 silly fetch manifest ws@^8.15.0
28 silly packumentCache full:https://registry.npmjs.org/ws cache-miss
29 http fetch GET 200 https://registry.npmjs.org/@hono%2fnode-server 32ms (cache hit)
30 silly packumentCache full:https://registry.npmjs.org/@hono%2fnode-server set size:122258 disposed:false
31 silly fetch manifest xterm-addon-serialize@^0.7.0
32 silly packumentCache full:https://registry.npmjs.org/xterm-addon-serialize cache-miss
33 http fetch GET 200 https://registry.npmjs.org/node-pty 51ms (cache hit)
34 silly packumentCache full:https://registry.npmjs.org/node-pty set size:1107473 disposed:false
35 silly fetch manifest xterm-headless@^4.19.0
36 silly packumentCache full:https://registry.npmjs.org/xterm-headless cache-miss
37 http fetch GET 200 https://registry.npmjs.org/commander 73ms (cache hit)
38 silly packumentCache full:https://registry.npmjs.org/commander set size:942287 disposed:false
39 http fetch GET 200 https://registry.npmjs.org/hono 101ms (cache hit)
40 silly packumentCache full:https://registry.npmjs.org/hono set size:3743480 disposed:false
41 http fetch GET 200 https://registry.npmjs.org/ws 224ms (cache hit)
42 silly packumentCache full:https://registry.npmjs.org/ws set size:403597 disposed:false
43 http fetch GET 200 https://registry.npmjs.org/xterm-addon-serialize 214ms (cache hit)
44 silly packumentCache full:https://registry.npmjs.org/xterm-addon-serialize set size:524526 disposed:false
45 http fetch GET 200 https://registry.npmjs.org/xterm-headless 202ms (cache hit)
46 silly packumentCache full:https://registry.npmjs.org/xterm-headless set size:1924272 disposed:false
47 silly fetch manifest bufferutil@^4.0.1
48 silly packumentCache full:https://registry.npmjs.org/bufferutil cache-miss
49 http fetch GET 200 https://registry.npmjs.org/bufferutil 18ms (cache hit)
50 silly packumentCache full:https://registry.npmjs.org/bufferutil set size:49090 disposed:false
51 silly fetch manifest utf-8-validate@>=5.0.2
52 silly packumentCache full:https://registry.npmjs.org/utf-8-validate cache-miss
53 http fetch GET 200 https://registry.npmjs.org/utf-8-validate 14ms (cache hit)
54 silly packumentCache full:https://registry.npmjs.org/utf-8-validate set size:73063 disposed:false
55 silly fetch manifest xterm@^4.0.0
56 silly packumentCache full:https://registry.npmjs.org/xterm cache-miss
57 http fetch GET 200 https://registry.npmjs.org/xterm 114ms (cache hit)
58 silly packumentCache full:https://registry.npmjs.org/xterm set size:22356712 disposed:false
59 silly placeDep node_modules/acodex-server @hono/node-server@1.12.0 OK for: acodex-server@1.1.6 want: ^1.4.0
60 silly placeDep node_modules/acodex-server commander@11.1.0 OK for: acodex-server@1.1.6 want: ^11.1.0
61 silly placeDep node_modules/acodex-server hono@3.12.12 OK for: acodex-server@1.1.6 want: ^3.11.12
62 silly placeDep node_modules/acodex-server node-pty@1.0.0 OK for: acodex-server@1.1.6 want: ^1.0.0
63 silly placeDep node_modules/acodex-server ws@8.18.0 OK for: acodex-server@1.1.6 want: ^8.15.0
64 silly placeDep node_modules/acodex-server xterm-addon-serialize@0.7.0 OK for: acodex-server@1.1.6 want: ^0.7.0
65 silly placeDep node_modules/acodex-server xterm@4.19.0 OK for: xterm-addon-serialize@0.7.0 want: ^4.0.0
66 silly placeDep node_modules/acodex-server xterm-headless@4.19.0 OK for: acodex-server@1.1.6 want: ^4.19.0
67 silly fetch manifest nan@^2.17.0
68 silly packumentCache full:https://registry.npmjs.org/nan cache-miss
69 http fetch GET 200 https://registry.npmjs.org/nan 11ms (cache hit)
70 silly packumentCache full:https://registry.npmjs.org/nan set size:213277 disposed:false
71 silly placeDep node_modules/acodex-server nan@2.20.0 OK for: node-pty@1.0.0 want: ^2.17.0
72 silly reify moves {}
73 warn deprecated xterm-addon-serialize@0.7.0: This package is now deprecated. Move to @xterm/addon-serialize instead.
74 warn deprecated xterm-headless@4.19.0: This package is now deprecated. Move to @xterm/headless instead.
75 warn deprecated xterm@4.19.0: This package is now deprecated. Move to @xterm/xterm instead.
76 info run node-pty@1.0.0 install node_modules/acodex-server/node_modules/node-pty node-gyp rebuild
77 info run node-pty@1.0.0 install { code: 1, signal: null }
78 verbose stack Error: command failed
78 verbose stack     at promiseSpawn (/data/data/com.termux/files/usr/lib/node_modules/npm/node_modules/@npmcli/promise-spawn/lib/index.js:22:22)
78 verbose stack     at spawnWithShell (/data/data/com.termux/files/usr/lib/node_modules/npm/node_modules/@npmcli/promise-spawn/lib/index.js:124:10)
78 verbose stack     at promiseSpawn (/data/data/com.termux/files/usr/lib/node_modules/npm/node_modules/@npmcli/promise-spawn/lib/index.js:12:12)
78 verbose stack     at runScriptPkg (/data/data/com.termux/files/usr/lib/node_modules/npm/node_modules/@npmcli/run-script/lib/run-script-pkg.js:77:13)
78 verbose stack     at runScript (/data/data/com.termux/files/usr/lib/node_modules/npm/node_modules/@npmcli/run-script/lib/run-script.js:9:12)
78 verbose stack     at /data/data/com.termux/files/usr/lib/node_modules/npm/node_modules/@npmcli/arborist/lib/arborist/rebuild.js:329:17
78 verbose stack     at run (/data/data/com.termux/files/usr/lib/node_modules/npm/node_modules/promise-call-limit/dist/commonjs/index.js:67:22)
78 verbose stack     at /data/data/com.termux/files/usr/lib/node_modules/npm/node_modules/promise-call-limit/dist/commonjs/index.js:84:9
78 verbose stack     at new Promise (<anonymous>)
78 verbose stack     at callLimit (/data/data/com.termux/files/usr/lib/node_modules/npm/node_modules/promise-call-limit/dist/commonjs/index.js:35:69)
79 verbose pkgid node-pty@1.0.0
80 error code 1
81 error path /data/data/com.termux/files/usr/lib/node_modules/acodex-server/node_modules/node-pty
82 error command failed
83 error command sh -c node-gyp rebuild
84 silly unfinished npm timer reify 1720214778035
85 silly unfinished npm timer reify:build 1720214779802
86 silly unfinished npm timer build 1720214779802
87 silly unfinished npm timer build:deps 1720214779803
88 silly unfinished npm timer build:run:install 1720214779809
89 silly unfinished npm timer build:run:install:node_modules/acodex-server/node_modules/node-pty 1720214779809
90 verbose cwd /data/data/com.termux/files/home
91 verbose os Linux 4.19.113-27223811
92 verbose node v22.3.0
93 verbose npm  v10.8.1
94 verbose exit 1
95 verbose code 1
96 error A complete log of this run can be found in: /data/data/com.termux/files/home/.npm/_logs/2024-07-05T21_26_17_256Z-debug-0.log
