0 verbose cli /data/data/com.termux/files/usr/bin/node /data/data/com.termux/files/usr/bin/npm
1 info using npm@10.8.1
2 info using node@v22.3.0
3 silly config load:file:/data/data/com.termux/files/usr/lib/node_modules/npm/npmrc
4 silly config load:file:/data/data/com.termux/files/home/.npmrc
5 silly config load:file:/data/data/com.termux/files/usr/etc/npmrc
6 verbose title npm i acodex-server
7 verbose argv "i" "--global" "acodex-server"
8 verbose logfile logs-max:10 dir:/data/data/com.termux/files/home/.npm/_logs/2024-07-05T21_31_12_884Z-
9 verbose logfile /data/data/com.termux/files/home/.npm/_logs/2024-07-05T21_31_12_884Z-debug-0.log
10 silly packumentCache heap:1098907648 maxSize:274726912 maxEntrySize:137363456
11 silly logfile start cleaning logs, removing 1 files
12 silly logfile done cleaning log files
13 silly idealTree buildDeps
14 silly fetch manifest acodex-server@*
15 silly packumentCache full:https://registry.npmjs.org/acodex-server cache-miss
16 http fetch GET 200 https://registry.npmjs.org/acodex-server 1152ms (cache revalidated)
17 silly packumentCache full:https://registry.npmjs.org/acodex-server set size:28414 disposed:false
18 silly placeDep ROOT acodex-server@1.1.6 OK for:  want: *
19 silly fetch manifest @hono/node-server@^1.4.0
20 silly packumentCache full:https://registry.npmjs.org/@hono%2fnode-server cache-miss
21 silly fetch manifest commander@^11.1.0
22 silly packumentCache full:https://registry.npmjs.org/commander cache-miss
23 silly fetch manifest hono@^3.11.12
24 silly packumentCache full:https://registry.npmjs.org/hono cache-miss
25 silly fetch manifest node-pty@^1.0.0
26 silly packumentCache full:https://registry.npmjs.org/node-pty cache-miss
27 silly fetch manifest ws@^8.15.0
28 silly packumentCache full:https://registry.npmjs.org/ws cache-miss
29 http fetch GET 200 https://registry.npmjs.org/commander 218ms (cache revalidated)
30 silly packumentCache full:https://registry.npmjs.org/commander set size:942287 disposed:false
31 silly fetch manifest xterm-addon-serialize@^0.7.0
32 silly packumentCache full:https://registry.npmjs.org/xterm-addon-serialize cache-miss
33 http fetch GET 200 https://registry.npmjs.org/ws 248ms (cache revalidated)
34 silly packumentCache full:https://registry.npmjs.org/ws set size:403597 disposed:false
35 silly fetch manifest xterm-headless@^4.19.0
36 silly packumentCache full:https://registry.npmjs.org/xterm-headless cache-miss
37 http fetch GET 200 https://registry.npmjs.org/hono 1066ms (cache revalidated)
38 silly packumentCache full:https://registry.npmjs.org/hono set size:3743480 disposed:false
39 http fetch GET 200 https://registry.npmjs.org/xterm-addon-serialize 961ms (cache revalidated)
40 silly packumentCache full:https://registry.npmjs.org/xterm-addon-serialize set size:524526 disposed:false
41 http fetch GET 200 https://registry.npmjs.org/node-pty 1225ms (cache revalidated)
42 silly packumentCache full:https://registry.npmjs.org/node-pty set size:1107473 disposed:false
43 http fetch GET 200 https://registry.npmjs.org/xterm-headless 986ms (cache revalidated)
44 silly packumentCache full:https://registry.npmjs.org/xterm-headless set size:1924272 disposed:false
45 http fetch GET 200 https://registry.npmjs.org/@hono%2fnode-server 1969ms (cache revalidated)
46 silly packumentCache full:https://registry.npmjs.org/@hono%2fnode-server set size:122258 disposed:false
47 silly fetch manifest bufferutil@^4.0.1
48 silly packumentCache full:https://registry.npmjs.org/bufferutil cache-miss
49 http fetch GET 200 https://registry.npmjs.org/bufferutil 68ms (cache revalidated)
50 silly packumentCache full:https://registry.npmjs.org/bufferutil set size:49090 disposed:false
51 silly fetch manifest utf-8-validate@>=5.0.2
52 silly packumentCache full:https://registry.npmjs.org/utf-8-validate cache-miss
53 http fetch GET 200 https://registry.npmjs.org/utf-8-validate 53ms (cache revalidated)
54 silly packumentCache full:https://registry.npmjs.org/utf-8-validate set size:73063 disposed:false
55 silly fetch manifest xterm@^4.0.0
56 silly packumentCache full:https://registry.npmjs.org/xterm cache-miss
57 http fetch GET 200 https://registry.npmjs.org/xterm 1065ms (cache revalidated)
58 silly packumentCache full:https://registry.npmjs.org/xterm set size:22356712 disposed:false
59 silly placeDep node_modules/acodex-server @hono/node-server@1.12.0 OK for: acodex-server@1.1.6 want: ^1.4.0
60 silly placeDep node_modules/acodex-server commander@11.1.0 OK for: acodex-server@1.1.6 want: ^11.1.0
61 silly placeDep node_modules/acodex-server hono@3.12.12 OK for: acodex-server@1.1.6 want: ^3.11.12
62 silly placeDep node_modules/acodex-server node-pty@1.0.0 OK for: acodex-server@1.1.6 want: ^1.0.0
63 silly placeDep node_modules/acodex-server ws@8.18.0 OK for: acodex-server@1.1.6 want: ^8.15.0
64 silly placeDep node_modules/acodex-server xterm-addon-serialize@0.7.0 OK for: acodex-server@1.1.6 want: ^0.7.0
65 silly placeDep node_modules/acodex-server xterm@4.19.0 OK for: xterm-addon-serialize@0.7.0 want: ^4.0.0
66 silly placeDep node_modules/acodex-server xterm-headless@4.19.0 OK for: acodex-server@1.1.6 want: ^4.19.0
67 silly fetch manifest nan@^2.17.0
68 silly packumentCache full:https://registry.npmjs.org/nan cache-miss
69 http fetch GET 200 https://registry.npmjs.org/nan 936ms (cache revalidated)
70 silly packumentCache full:https://registry.npmjs.org/nan set size:213277 disposed:false
71 silly placeDep node_modules/acodex-server nan@2.20.0 OK for: node-pty@1.0.0 want: ^2.17.0
72 silly reify moves {}
73 warn deprecated xterm-addon-serialize@0.7.0: This package is now deprecated. Move to @xterm/addon-serialize instead.
74 warn deprecated xterm-headless@4.19.0: This package is now deprecated. Move to @xterm/headless instead.
75 warn deprecated xterm@4.19.0: This package is now deprecated. Move to @xterm/xterm instead.
76 info run node-pty@1.0.0 install node_modules/acodex-server/node_modules/node-pty node-gyp rebuild
77 info run node-pty@1.0.0 install { code: 0, signal: null }
78 info run node-pty@1.0.0 postinstall node_modules/acodex-server/node_modules/node-pty node scripts/post-install.js
79 info run node-pty@1.0.0 postinstall { code: 0, signal: null }
80 silly ADD node_modules/acodex-server
81 silly ADD node_modules/acodex-server/node_modules/nan
82 silly ADD node_modules/acodex-server/node_modules/xterm-headless
83 silly ADD node_modules/acodex-server/node_modules/xterm
84 silly ADD node_modules/acodex-server/node_modules/xterm-addon-serialize
85 silly ADD node_modules/acodex-server/node_modules/ws
86 silly ADD node_modules/acodex-server/node_modules/node-pty
87 silly ADD node_modules/acodex-server/node_modules/hono
88 silly ADD node_modules/acodex-server/node_modules/commander
89 silly ADD node_modules/acodex-server/node_modules/@hono/node-server
90 verbose cwd /data/data/com.termux/files/home
91 verbose os Linux 4.19.113-27223811
92 verbose node v22.3.0
93 verbose npm  v10.8.1
94 verbose exit 0
95 info ok
